<?xml version="1.0" encoding="UTF-8"?>
<!-- Generated by org.testng.reporters.JUnitXMLReporter -->
<testsuite hostname="NETHRA-PC" ignored="1" name="Default test" tests="2" failures="0" timestamp="2020-08-19T19:51:33 IST" time="10.875" errors="0">
  <testcase name="createJiraIssue" time="9.545" classname="august.restassured.aug18assignment.CreateJIRAIssue"/>
  <testcase name="getIssue" time="1.126" classname="august.restassured.aug18assignment.GetIssue"/>
  <testcase name="@BeforeTest loadCredentials" time="0.0" classname="august.restassured.base.BaseClass">
    <ignored/>
  </testcase> <!-- @BeforeTest loadCredentials -->
</testsuite> <!-- Default test -->
